ideal-app/source/app/build/intermediates/manifest_merge_blame_file/release/manifest-merger-blame-release-report.txt
1<?xml version="1.0" encoding="utf-8"?>
2<!--
3    Copyright 2019 Google Inc. All Rights Reserved.
4
5     Licensed under the Apache License, Version 2.0 (the "License");
6     you may not use this file except in compliance with the License.
7     You may obtain a copy of the License at
8
9         http://www.apache.org/licenses/LICENSE-2.0
10
11     Unless required by applicable law or agreed to in writing, software
12     distributed under the License is distributed on an "AS IS" BASIS,
13     WITHOUT WARRANTIES OR CONDITIONS OF ANY KIND, either express or implied.
14     See the License for the specific language governing permissions and
15     limitations under the License.
16-->
17<!--
18 The "package" attribute is rewritten by the Gradle build with the value of applicationId.
19     It is still required here, as it is used to derive paths, for instance when referring
20     to an Activity by ".MyActivity" instead of the full name. If more Activities are added to the
21     application, the package attribute will need to reflect the correct path in order to use
22     the abbreviated format.
23-->
24<manifest xmlns:android="http://schemas.android.com/apk/res/android"
25    package="io.github.waltermateus.twa"
26    android:versionCode="1"
27    android:versionName="1.0.0.0" >
28
29    <uses-sdk
30        android:minSdkVersion="19"
30-->src/main/AndroidManifest.xml
31        android:targetSdkVersion="33" />
31-->src/main/AndroidManifest.xml
32
33    <queries>
33-->[com.google.androidbrowserhelper:androidbrowserhelper:2.5.0] AndroidManifest.xml:26:5-34:15
34        <intent>
34-->[com.google.androidbrowserhelper:androidbrowserhelper:2.5.0] AndroidManifest.xml:27:9-33:18
35            <action android:name="android.intent.action.VIEW" />
35-->src/main/AndroidManifest.xml:138:17-68
35-->src/main/AndroidManifest.xml:138:25-66
36
37            <category android:name="android.intent.category.BROWSABLE" />
37-->src/main/AndroidManifest.xml:140:17-77
37-->src/main/AndroidManifest.xml:140:27-75
38
39            <data android:scheme="https" />
39-->src/main/AndroidManifest.xml:141:17-142:54
39-->src/main/AndroidManifest.xml:141:23-45
40        </intent>
41    </queries>
42
43    <application
43-->src/main/AndroidManifest.xml:33:5-179:19
44        android:name="io.github.waltermateus.twa.Application"
44-->src/main/AndroidManifest.xml:34:9-35
45        android:allowBackup="true"
45-->src/main/AndroidManifest.xml:35:9-35
46        android:appComponentFactory="androidx.core.app.CoreComponentFactory"
46-->[androidx.core:core:1.1.0] AndroidManifest.xml:24:18-86
47        android:icon="@mipmap/ic_launcher"
47-->src/main/AndroidManifest.xml:36:9-43
48        android:label="@string/appName"
48-->src/main/AndroidManifest.xml:37:9-40
49        android:manageSpaceActivity="com.google.androidbrowserhelper.trusted.ManageDataLauncherActivity"
49-->src/main/AndroidManifest.xml:39:9-105
50        android:supportsRtl="true"
50-->src/main/AndroidManifest.xml:41:9-35
51        android:theme="@android:style/Theme.Translucent.NoTitleBar" >
51-->src/main/AndroidManifest.xml:42:9-68
52        <meta-data
52-->src/main/AndroidManifest.xml:44:9-46:58
53            android:name="asset_statements"
53-->src/main/AndroidManifest.xml:45:13-44
54            android:resource="@string/assetStatements" />
54-->src/main/AndroidManifest.xml:46:13-55
55        <meta-data
55-->src/main/AndroidManifest.xml:49:13-51:58
56            android:name="web_manifest_url"
56-->src/main/AndroidManifest.xml:50:17-48
57            android:value="@string/webManifestUrl" />
57-->src/main/AndroidManifest.xml:51:17-55
58        <meta-data
58-->src/main/AndroidManifest.xml:54:9-56:52
59            android:name="twa_generator"
59-->src/main/AndroidManifest.xml:55:13-41
60            android:value="@string/generatorApp" />
60-->src/main/AndroidManifest.xml:56:13-49
61
62        <activity android:name="com.google.androidbrowserhelper.trusted.ManageDataLauncherActivity" >
62-->src/main/AndroidManifest.xml:63:13-67:24
62-->src/main/AndroidManifest.xml:63:23-104
63            <meta-data
63-->src/main/AndroidManifest.xml:64:13-66:53
64                android:name="android.support.customtabs.trusted.MANAGE_SPACE_URL"
64-->src/main/AndroidManifest.xml:65:17-83
65                android:value="@string/launchUrl" />
65-->src/main/AndroidManifest.xml:66:17-50
66        </activity>
67        <activity
67-->src/main/AndroidManifest.xml:70:9-146:20
68            android:name="io.github.waltermateus.twa.LauncherActivity"
68-->src/main/AndroidManifest.xml:70:19-50
69            android:alwaysRetainTaskState="true"
69-->src/main/AndroidManifest.xml:71:13-49
70            android:exported="true"
70-->src/main/AndroidManifest.xml:73:13-36
71            android:label="@string/launcherName" >
71-->src/main/AndroidManifest.xml:72:13-49
72            <meta-data
72-->src/main/AndroidManifest.xml:74:13-75:53
73                android:name="android.support.customtabs.trusted.DEFAULT_URL"
73-->src/main/AndroidManifest.xml:74:24-85
74                android:value="@string/launchUrl" />
74-->src/main/AndroidManifest.xml:75:17-50
75            <meta-data
75-->src/main/AndroidManifest.xml:77:13-79:58
76                android:name="android.support.customtabs.trusted.STATUS_BAR_COLOR"
76-->src/main/AndroidManifest.xml:78:17-83
77                android:resource="@color/colorPrimary" />
77-->src/main/AndroidManifest.xml:79:17-55
78            <meta-data
78-->src/main/AndroidManifest.xml:81:13-83:62
79                android:name="android.support.customtabs.trusted.STATUS_BAR_COLOR_DARK"
79-->src/main/AndroidManifest.xml:82:17-88
80                android:resource="@color/colorPrimaryDark" />
80-->src/main/AndroidManifest.xml:83:17-59
81            <meta-data
81-->src/main/AndroidManifest.xml:85:13-87:61
82                android:name="android.support.customtabs.trusted.NAVIGATION_BAR_COLOR"
82-->src/main/AndroidManifest.xml:86:17-87
83                android:resource="@color/navigationColor" />
83-->src/main/AndroidManifest.xml:87:17-58
84            <meta-data
84-->src/main/AndroidManifest.xml:89:13-91:65
85                android:name="android.support.customtabs.trusted.NAVIGATION_BAR_COLOR_DARK"
85-->src/main/AndroidManifest.xml:90:17-92
86                android:resource="@color/navigationColorDark" />
86-->src/main/AndroidManifest.xml:91:17-62
87            <meta-data
87-->src/main/AndroidManifest.xml:93:13-95:68
88                android:name="androix.browser.trusted.NAVIGATION_BAR_DIVIDER_COLOR"
88-->src/main/AndroidManifest.xml:94:17-84
89                android:resource="@color/navigationDividerColor" />
89-->src/main/AndroidManifest.xml:95:17-65
90            <meta-data
90-->src/main/AndroidManifest.xml:97:13-99:72
91                android:name="androix.browser.trusted.NAVIGATION_BAR_DIVIDER_COLOR_DARK"
91-->src/main/AndroidManifest.xml:98:17-89
92                android:resource="@color/navigationDividerColorDark" />
92-->src/main/AndroidManifest.xml:99:17-69
93            <meta-data
93-->src/main/AndroidManifest.xml:101:13-102:54
94                android:name="android.support.customtabs.trusted.SPLASH_IMAGE_DRAWABLE"
94-->src/main/AndroidManifest.xml:101:24-95
95                android:resource="@drawable/splash" />
95-->src/main/AndroidManifest.xml:102:17-52
96            <meta-data
96-->src/main/AndroidManifest.xml:104:13-105:60
97                android:name="android.support.customtabs.trusted.SPLASH_SCREEN_BACKGROUND_COLOR"
97-->src/main/AndroidManifest.xml:104:24-104
98                android:resource="@color/backgroundColor" />
98-->src/main/AndroidManifest.xml:105:17-58
99            <meta-data
99-->src/main/AndroidManifest.xml:107:13-108:71
100                android:name="android.support.customtabs.trusted.SPLASH_SCREEN_FADE_OUT_DURATION"
100-->src/main/AndroidManifest.xml:107:24-105
101                android:value="@integer/splashScreenFadeOutDuration" />
101-->src/main/AndroidManifest.xml:108:17-69
102            <meta-data
102-->src/main/AndroidManifest.xml:110:13-111:60
103                android:name="android.support.customtabs.trusted.FILE_PROVIDER_AUTHORITY"
103-->src/main/AndroidManifest.xml:110:24-97
104                android:value="@string/providerAuthority" />
104-->src/main/AndroidManifest.xml:111:17-58
105            <meta-data
105-->src/main/AndroidManifest.xml:113:13-97
106                android:name="android.app.shortcuts"
106-->src/main/AndroidManifest.xml:113:24-60
107                android:resource="@xml/shortcuts" />
107-->src/main/AndroidManifest.xml:113:61-94
108            <meta-data
108-->src/main/AndroidManifest.xml:115:13-116:56
109                android:name="android.support.customtabs.trusted.FALLBACK_STRATEGY"
109-->src/main/AndroidManifest.xml:115:24-91
110                android:value="@string/fallbackType" />
110-->src/main/AndroidManifest.xml:116:17-53
111            <meta-data
111-->src/main/AndroidManifest.xml:121:13-122:45
112                android:name="android.support.customtabs.trusted.DISPLAY_MODE"
112-->src/main/AndroidManifest.xml:121:24-86
113                android:value="immersive" />
113-->src/main/AndroidManifest.xml:122:17-42
114            <meta-data
114-->src/main/AndroidManifest.xml:125:13-126:54
115                android:name="android.support.customtabs.trusted.SCREEN_ORIENTATION"
115-->src/main/AndroidManifest.xml:125:24-92
116                android:value="@string/orientation" />
116-->src/main/AndroidManifest.xml:126:17-52
117
118            <intent-filter>
118-->src/main/AndroidManifest.xml:132:13-135:29
119                <action android:name="android.intent.action.MAIN" />
119-->src/main/AndroidManifest.xml:133:17-69
119-->src/main/AndroidManifest.xml:133:25-66
120
121                <category android:name="android.intent.category.LAUNCHER" />
121-->src/main/AndroidManifest.xml:134:17-77
121-->src/main/AndroidManifest.xml:134:27-74
122            </intent-filter>
123            <intent-filter android:autoVerify="true" >
123-->src/main/AndroidManifest.xml:137:13-143:29
123-->src/main/AndroidManifest.xml:137:28-53
124                <action android:name="android.intent.action.VIEW" />
124-->src/main/AndroidManifest.xml:138:17-68
124-->src/main/AndroidManifest.xml:138:25-66
125
126                <category android:name="android.intent.category.DEFAULT" />
126-->src/main/AndroidManifest.xml:139:17-76
126-->src/main/AndroidManifest.xml:139:27-73
127                <category android:name="android.intent.category.BROWSABLE" />
127-->src/main/AndroidManifest.xml:140:17-77
127-->src/main/AndroidManifest.xml:140:27-75
128
129                <data
129-->src/main/AndroidManifest.xml:141:17-142:54
130                    android:host="@string/hostName"
130-->src/main/AndroidManifest.xml:142:21-52
131                    android:scheme="https" />
131-->src/main/AndroidManifest.xml:141:23-45
132            </intent-filter>
133        </activity>
134        <activity android:name="com.google.androidbrowserhelper.trusted.FocusActivity" />
134-->src/main/AndroidManifest.xml:148:9-90
134-->src/main/AndroidManifest.xml:148:19-87
135        <activity
135-->src/main/AndroidManifest.xml:150:9-151:62
136            android:name="com.google.androidbrowserhelper.trusted.WebViewFallbackActivity"
136-->src/main/AndroidManifest.xml:150:19-97
137            android:configChanges="orientation|screenSize" />
137-->src/main/AndroidManifest.xml:151:13-59
138
139        <provider
139-->src/main/AndroidManifest.xml:153:9-161:20
140            android:name="androidx.core.content.FileProvider"
140-->src/main/AndroidManifest.xml:154:13-62
141            android:authorities="@string/providerAuthority"
141-->src/main/AndroidManifest.xml:155:13-60
142            android:exported="false"
142-->src/main/AndroidManifest.xml:157:13-37
143            android:grantUriPermissions="true" >
143-->src/main/AndroidManifest.xml:156:13-47
144            <meta-data
144-->src/main/AndroidManifest.xml:158:13-160:53
145                android:name="android.support.FILE_PROVIDER_PATHS"
145-->src/main/AndroidManifest.xml:159:17-67
146                android:resource="@xml/filepaths" />
146-->src/main/AndroidManifest.xml:160:17-50
147        </provider>
148
149        <service
149-->src/main/AndroidManifest.xml:163:9-174:19
150            android:name="io.github.waltermateus.twa.DelegationService"
150-->src/main/AndroidManifest.xml:164:13-46
151            android:enabled="@bool/enableNotification"
151-->src/main/AndroidManifest.xml:165:13-55
152            android:exported="@bool/enableNotification" >
152-->src/main/AndroidManifest.xml:166:13-56
153            <intent-filter>
153-->src/main/AndroidManifest.xml:170:13-173:29
154                <action android:name="android.support.customtabs.trusted.TRUSTED_WEB_ACTIVITY_SERVICE" />
154-->src/main/AndroidManifest.xml:171:17-105
154-->src/main/AndroidManifest.xml:171:25-103
155
156                <category android:name="android.intent.category.DEFAULT" />
156-->src/main/AndroidManifest.xml:139:17-76
156-->src/main/AndroidManifest.xml:139:27-73
157            </intent-filter>
158        </service>
159    </application>
160
161</manifest>